#
# There is insufficient memory for the Java Runtime Environment to continue.
# Native memory allocation (malloc) failed to allocate 697440 bytes for Chunk::new
# Possible reasons:
#   The system is out of physical RAM or swap space
#   In 32 bit mode, the process size limit was hit
# Possible solutions:
#   Reduce memory load on the system
#   Increase physical memory or swap space
#   Check if swap backing store is full
#   Use 64 bit Java on a 64 bit OS
#   Decrease Java heap size (-Xmx/-Xms)
#   Decrease number of Java threads
#   Decrease Java thread stack sizes (-Xss)
#   Set larger code cache with -XX:ReservedCodeCacheSize=
# This output file may be truncated or incomplete.
#
#  Out of Memory Error (allocation.cpp:390), pid=4896, tid=0x0000000000001234
#
# JRE version: OpenJDK Runtime Environment (8.0_152-b02) (build 1.8.0_152-release-1024-b02)
# Java VM: OpenJDK 64-Bit Server VM (25.152-b02 mixed mode windows-amd64 compressed oops)
# Failed to write core dump. Minidumps are not enabled by default on client versions of Windows
#

---------------  T H R E A D  ---------------

Current thread (0x00000000184ad000):  JavaThread "C2 CompilerThread0" daemon [_thread_in_native, id=4660, stack(0x0000000018d10000,0x0000000018e10000)]

Stack: [0x0000000018d10000,0x0000000018e10000]
[error occurred during error reporting (printing stack bounds), id 0xc0000005]

Native frames: (J=compiled Java code, j=interpreted, Vv=VM code, C=native code)


Current CompileTask:
C2: 507824 18692       4       com.android.dx.dex.file.DebugInfoEncoder::emitHeader (530 bytes)


---------------  P R O C E S S  ---------------

Java Threads: ( => current thread )
  0x0000000022882800 JavaThread "pool-224-thread-4" [_thread_new, id=1096, stack(0x0000000000000000,0x0000000000000000)]
  0x0000000022880000 JavaThread "pool-224-thread-3" [_thread_new, id=4160, stack(0x0000000000000000,0x0000000000000000)]
  0x0000000022883000 JavaThread "pool-224-thread-2" [_thread_new, id=3000, stack(0x0000000000000000,0x0000000000000000)]
  0x000000002287c800 JavaThread "pool-225-thread-1" [_thread_new, id=2984, stack(0x0000000000000000,0x0000000000000000)]
  0x000000002287f800 JavaThread "pool-224-thread-1" [_thread_new, id=3720, stack(0x0000000000000000,0x0000000000000000)]
  0x0000000022887000 JavaThread "pool-221-thread-4" [_thread_in_Java, id=7088, stack(0x0000000028fd0000,0x00000000290d0000)]
  0x0000000022889000 JavaThread "pool-221-thread-3" [_thread_in_Java, id=4308, stack(0x0000000028ed0000,0x0000000028fd0000)]
  0x000000002288a000 JavaThread "pool-221-thread-2" [_thread_in_Java, id=4652, stack(0x0000000028dd0000,0x0000000028ed0000)]
  0x0000000022888800 JavaThread "pool-222-thread-1" [_thread_blocked, id=4900, stack(0x0000000028900000,0x0000000028a00000)]
  0x000000002287d000 JavaThread "pool-221-thread-1" [_thread_blocked, id=6956, stack(0x0000000026370000,0x0000000026470000)]
  0x0000000022881800 JavaThread "pool-206-thread-2" [_thread_in_Java, id=6508, stack(0x0000000026270000,0x0000000026370000)]
  0x000000002287e000 JavaThread "pool-207-thread-1" [_thread_blocked, id=6160, stack(0x0000000026170000,0x0000000026270000)]
  0x000000001e204000 JavaThread "pool-92-thread-4" [_thread_in_Java, id=2308, stack(0x0000000026b70000,0x0000000026c70000)]
  0x000000001e1fe000 JavaThread "pool-92-thread-3" [_thread_in_Java, id=7752, stack(0x0000000026a70000,0x0000000026b70000)]
  0x000000001e201000 JavaThread "pool-92-thread-2" [_thread_in_Java, id=4776, stack(0x0000000026c70000,0x0000000026d70000)]
  0x000000001e200000 JavaThread "pool-93-thread-1" [_thread_blocked, id=5580, stack(0x0000000026570000,0x0000000026670000)]
  0x000000001e1f5800 JavaThread "pool-92-thread-1" [_thread_in_Java, id=5848, stack(0x0000000024b70000,0x0000000024c70000)]
  0x000000001a126800 JavaThread "pool-9-thread-3" [_thread_blocked, id=5660, stack(0x0000000025e70000,0x0000000025f70000)]
  0x000000001a129800 JavaThread "pool-9-thread-2" [_thread_blocked, id=6996, stack(0x0000000025d70000,0x0000000025e70000)]
  0x000000001a125800 JavaThread "pool-9-thread-4" [_thread_in_Java, id=3936, stack(0x0000000025c70000,0x0000000025d70000)]
  0x000000001a128800 JavaThread "pool-9-thread-1" [_thread_blocked, id=6796, stack(0x0000000025b70000,0x0000000025c70000)]
  0x000000001a125000 JavaThread "pool-6-thread-8" [_thread_blocked, id=7316, stack(0x0000000025a70000,0x0000000025b70000)]
  0x000000001a128000 JavaThread "pool-6-thread-7" [_thread_blocked, id=4064, stack(0x0000000025970000,0x0000000025a70000)]
  0x000000001a127000 JavaThread "pool-6-thread-6" [_thread_blocked, id=1800, stack(0x0000000025870000,0x0000000025970000)]
  0x000000001a124000 JavaThread "pool-6-thread-5" [_thread_blocked, id=6852, stack(0x0000000025770000,0x0000000025870000)]
  0x000000001a120800 JavaThread "pool-6-thread-4" [_thread_blocked, id=3524, stack(0x0000000025670000,0x0000000025770000)]
  0x000000001a123800 JavaThread "pool-6-thread-3" [_thread_blocked, id=7716, stack(0x0000000022c10000,0x0000000022d10000)]
  0x000000001a122800 JavaThread "pool-6-thread-2" [_thread_blocked, id=7952, stack(0x0000000021930000,0x0000000021a30000)]
  0x000000001a11c000 JavaThread "pool-6-thread-1" [_thread_blocked, id=1116, stack(0x000000001fc50000,0x000000001fd50000)]
  0x000000001a11f000 JavaThread "Cache update executor" [_thread_blocked, id=2960, stack(0x000000001b5d0000,0x000000001b6d0000)]
  0x000000001a121000 JavaThread "Stdin handler" [_thread_blocked, id=6888, stack(0x000000001b3d0000,0x000000001b4d0000)]
  0x000000001a11b000 JavaThread "Asynchronous log dispatcher for DefaultDaemonConnection: socket connection from /127.0.0.1:60541 to /127.0.0.1:60918" [_thread_blocked, id=244, stack(0x0000000000410000,0x0000000000510000)]
  0x000000001a11d800 JavaThread "Cancel handler" [_thread_blocked, id=5100, stack(0x0000000000310000,0x0000000000410000)]
  0x000000001a11e000 JavaThread "Handler for socket connection from /127.0.0.1:60541 to /127.0.0.1:60918" [_thread_in_native, id=7596, stack(0x0000000000210000,0x0000000000310000)]
  0x000000001e1f5000 JavaThread "Daemon worker Thread 2" [_thread_blocked, id=4968, stack(0x000000001b6d0000,0x000000001b7d0000)]
  0x000000001a720800 JavaThread "Daemon Thread 2" [_thread_blocked, id=5980, stack(0x000000001b2d0000,0x000000001b3d0000)]
  0x000000001a723800 JavaThread "pool-2-thread-1" [_thread_blocked, id=6032, stack(0x000000001f140000,0x000000001f240000)]
  0x000000001bfdb000 JavaThread "File lock request listener" [_thread_in_native, id=2184, stack(0x000000001cca0000,0x000000001cda0000)]
  0x000000001a17a000 JavaThread "pool-1-thread-1" [_thread_blocked, id=6568, stack(0x000000001b4d0000,0x000000001b5d0000)]
  0x000000001a568000 JavaThread "Incoming local TCP Connector on port 60541" [_thread_in_native, id=4784, stack(0x000000001aae0000,0x000000001abe0000)]
  0x000000001855b000 JavaThread "Service Thread" daemon [_thread_blocked, id=6140, stack(0x0000000019110000,0x0000000019210000)]
  0x00000000184c1800 JavaThread "C1 CompilerThread3" daemon [_thread_blocked, id=4700, stack(0x0000000019010000,0x0000000019110000)]
  0x00000000184b5800 JavaThread "C2 CompilerThread2" daemon [_thread_in_native, id=7212, stack(0x0000000018f10000,0x0000000019010000)]
  0x00000000184b4000 JavaThread "C2 CompilerThread1" daemon [_thread_in_native, id=5728, stack(0x0000000018e10000,0x0000000018f10000)]
=>0x00000000184ad000 JavaThread "C2 CompilerThread0" daemon [_thread_in_native, id=4660, stack(0x0000000018d10000,0x0000000018e10000)]
  0x00000000184ab000 JavaThread "Attach Listener" daemon [_thread_blocked, id=4052, stack(0x0000000018c10000,0x0000000018d10000)]
  0x00000000184aa000 JavaThread "Signal Dispatcher" daemon [_thread_blocked, id=7452, stack(0x0000000018b10000,0x0000000018c10000)]
  0x00000000027d9800 JavaThread "Finalizer" daemon [_thread_blocked, id=5592, stack(0x0000000018880000,0x0000000018980000)]
  0x00000000027d8000 JavaThread "Reference Handler" daemon [_thread_blocked, id=6244, stack(0x0000000018380000,0x0000000018480000)]
  0x000000000257e000 JavaThread "main" [_thread_blocked, id=5504, stack(0x0000000002580000,0x0000000002680000)]

Other Threads:
  0x0000000016597800 VMThread [stack: 0x0000000018280000,0x0000000018380000] [id=5352]
  0x000000001855c000 WatcherThread [stack: 0x0000000019210000,0x0000000019310000] [id=5320]

VM state:not at safepoint (normal execution)

VM Mutex/Monitor currently owned by a thread: None

Heap:
 PSYoungGen      total 371712K, used 338480K [0x00000000e0000000, 0x0000000100000000, 0x0000000100000000)
  eden space 262144K, 87% used [0x00000000e0000000,0x00000000edf8c150,0x00000000f0000000)
  from space 109568K, 99% used [0x00000000f9500000,0x00000000ffffff00,0x0000000100000000)
  to   space 131072K, 0% used [0x00000000f0000000,0x00000000f0000000,0x00000000f8000000)
 ParOldGen       total 640000K, used 402916K [0x00000000a0000000, 0x00000000c7100000, 0x00000000e0000000)
  object space 640000K, 62% used [0x00000000a0000000,0x00000000b8979128,0x00000000c7100000)
 Metaspace       used 78673K, capacity 81444K, committed 81880K, reserved 1120256K
  class space    used 9802K, capacity 10386K, committed 10496K, reserved 1048576K

Card table byte_map: [0x0000000011ba0000,0x0000000011eb0000] byte_map_base: 0x00000000116a0000

Marking Bits: (ParMarkBitMap*) 0x00000000662a4970
 Begin Bits: [0x00000000128b0000, 0x00000000140b0000)
 End Bits:   [0x00000000140b0000, 0x00000000158b0000)

Polling page: 0x00000000009c0000

CodeCache: size=245760Kb used=55553Kb max_used=55553Kb free=190206Kb
 bounds [0x00000000027e0000, 0x0000000005e70000, 0x00000000117e0000]
 total_blobs=15796 nmethods=14953 adapters=752
 compilation: enabled

Compilation events (10 events):
Event: 507.525 Thread 0x00000000184c1800 18790       2       com.android.dx.rop.code.Rops::opMul (29 bytes)
Event: 507.526 Thread 0x00000000184c1800 nmethod 18790 0x0000000005e57f50 code [0x0000000005e580c0, 0x0000000005e58268]
Event: 507.554 Thread 0x00000000184c1800 18791       2       com.google.common.base.MoreObjects::firstNonNull (13 bytes)
Event: 507.554 Thread 0x00000000184c1800 nmethod 18791 0x0000000005e58310 code [0x0000000005e58480, 0x0000000005e58668]
Event: 507.565 Thread 0x00000000184c1800 18792       2       com.android.dx.rop.cst.CstLiteral64::<init> (10 bytes)
Event: 507.565 Thread 0x00000000184c1800 nmethod 18792 0x0000000005e58750 code [0x0000000005e588a0, 0x0000000005e589f0]
Event: 507.612 Thread 0x00000000184c1800 18794 %     3       com.android.dx.cf.code.LineNumberList::pcToLine @ 13 (73 bytes)
Event: 507.613 Thread 0x00000000184c1800 nmethod 18794% 0x0000000005e58a90 code [0x0000000005e58c40, 0x0000000005e59388]
Event: 507.621 Thread 0x00000000184c1800 18795       3       com.android.dx.cf.code.LineNumberList::pcToLine (73 bytes)
Event: 507.622 Thread 0x00000000184c1800 nmethod 18795 0x0000000005e59610 code [0x0000000005e597a0, 0x0000000005e59e68]

GC Heap History (10 events):
Event: 504.552 GC heap before
{Heap before GC invocations=39 (full 6):
 PSYoungGen      total 381440K, used 381410K [0x00000000e0000000, 0x0000000100000000, 0x0000000100000000)
  eden space 275456K, 100% used [0x00000000e0000000,0x00000000f0d00000,0x00000000f0d00000)
  from space 105984K, 99% used [0x00000000f9880000,0x00000000ffff8840,0x0000000100000000)
  to   space 124416K, 0% used [0x00000000f0d00000,0x00000000f0d00000,0x00000000f8680000)
 ParOldGen       total 510464K, used 310538K [0x00000000a0000000, 0x00000000bf280000, 0x00000000e0000000)
  object space 510464K, 60% used [0x00000000a0000000,0x00000000b2f42b10,0x00000000bf280000)
 Metaspace       used 78660K, capacity 81440K, committed 81880K, reserved 1120256K
  class space    used 9800K, capacity 10386K, committed 10496K, reserved 1048576K
Event: 504.630 GC heap after
Heap after GC invocations=39 (full 6):
 PSYoungGen      total 399872K, used 58280K [0x00000000e0000000, 0x0000000100000000, 0x0000000100000000)
  eden space 275456K, 0% used [0x00000000e0000000,0x00000000e0000000,0x00000000f0d00000)
  from space 124416K, 46% used [0x00000000f0d00000,0x00000000f45ea140,0x00000000f8680000)
  to   space 117760K, 0% used [0x00000000f8d00000,0x00000000f8d00000,0x0000000100000000)
 ParOldGen       total 510464K, used 410162K [0x00000000a0000000, 0x00000000bf280000, 0x00000000e0000000)
  object space 510464K, 80% used [0x00000000a0000000,0x00000000b908ca78,0x00000000bf280000)
 Metaspace       used 78660K, capacity 81440K, committed 81880K, reserved 1120256K
  class space    used 9800K, capacity 10386K, committed 10496K, reserved 1048576K
}
Event: 504.984 GC heap before
{Heap before GC invocations=40 (full 6):
 PSYoungGen      total 399872K, used 333736K [0x00000000e0000000, 0x0000000100000000, 0x0000000100000000)
  eden space 275456K, 100% used [0x00000000e0000000,0x00000000f0d00000,0x00000000f0d00000)
  from space 124416K, 46% used [0x00000000f0d00000,0x00000000f45ea140,0x00000000f8680000)
  to   space 117760K, 0% used [0x00000000f8d00000,0x00000000f8d00000,0x0000000100000000)
 ParOldGen       total 510464K, used 410162K [0x00000000a0000000, 0x00000000bf280000, 0x00000000e0000000)
  object space 510464K, 80% used [0x00000000a0000000,0x00000000b908ca78,0x00000000bf280000)
 Metaspace       used 78661K, capacity 81440K, committed 81880K, reserved 1120256K
  class space    used 9801K, capacity 10386K, committed 10496K, reserved 1048576K
Event: 505.083 GC heap after
Heap after GC invocations=40 (full 6):
 PSYoungGen      total 385024K, used 49600K [0x00000000e0000000, 0x00000000ff180000, 0x0000000100000000)
  eden space 282112K, 0% used [0x00000000e0000000,0x00000000e0000000,0x00000000f1380000)
  from space 102912K, 48% used [0x00000000f8d00000,0x00000000fbd700d8,0x00000000ff180000)
  to   space 113664K, 0% used [0x00000000f1380000,0x00000000f1380000,0x00000000f8280000)
 ParOldGen       total 510464K, used 464230K [0x00000000a0000000, 0x00000000bf280000, 0x00000000e0000000)
  object space 510464K, 90% used [0x00000000a0000000,0x00000000bc559850,0x00000000bf280000)
 Metaspace       used 78661K, capacity 81440K, committed 81880K, reserved 1120256K
  class space    used 9801K, capacity 10386K, committed 10496K, reserved 1048576K
}
Event: 505.083 GC heap before
{Heap before GC invocations=41 (full 7):
 PSYoungGen      total 385024K, used 49600K [0x00000000e0000000, 0x00000000ff180000, 0x0000000100000000)
  eden space 282112K, 0% used [0x00000000e0000000,0x00000000e0000000,0x00000000f1380000)
  from space 102912K, 48% used [0x00000000f8d00000,0x00000000fbd700d8,0x00000000ff180000)
  to   space 113664K, 0% used [0x00000000f1380000,0x00000000f1380000,0x00000000f8280000)
 ParOldGen       total 510464K, used 464230K [0x00000000a0000000, 0x00000000bf280000, 0x00000000e0000000)
  object space 510464K, 90% used [0x00000000a0000000,0x00000000bc559850,0x00000000bf280000)
 Metaspace       used 78661K, capacity 81440K, committed 81880K, reserved 1120256K
  class space    used 9801K, capacity 10386K, committed 10496K, reserved 1048576K
Event: 505.903 GC heap after
Heap after GC invocations=41 (full 7):
 PSYoungGen      total 385024K, used 0K [0x00000000e0000000, 0x00000000ff180000, 0x0000000100000000)
  eden space 282112K, 0% used [0x00000000e0000000,0x00000000e0000000,0x00000000f1380000)
  from space 102912K, 0% used [0x00000000f8d00000,0x00000000f8d00000,0x00000000ff180000)
  to   space 113664K, 0% used [0x00000000f1380000,0x00000000f1380000,0x00000000f8280000)
 ParOldGen       total 640000K, used 381409K [0x00000000a0000000, 0x00000000c7100000, 0x00000000e0000000)
  object space 640000K, 59% used [0x00000000a0000000,0x00000000b7478488,0x00000000c7100000)
 Metaspace       used 78661K, capacity 81440K, committed 81880K, reserved 1120256K
  class space    used 9801K, capacity 10386K, committed 10496K, reserved 1048576K
}
Event: 506.650 GC heap before
{Heap before GC invocations=42 (full 7):
 PSYoungGen      total 385024K, used 282112K [0x00000000e0000000, 0x00000000ff180000, 0x0000000100000000)
  eden space 282112K, 100% used [0x00000000e0000000,0x00000000f1380000,0x00000000f1380000)
  from space 102912K, 0% used [0x00000000f8d00000,0x00000000f8d00000,0x00000000ff180000)
  to   space 113664K, 0% used [0x00000000f1380000,0x00000000f1380000,0x00000000f8280000)
 ParOldGen       total 640000K, used 381409K [0x00000000a0000000, 0x00000000c7100000, 0x00000000e0000000)
  object space 640000K, 59% used [0x00000000a0000000,0x00000000b7478488,0x00000000c7100000)
 Metaspace       used 78665K, capacity 81444K, committed 81880K, reserved 1120256K
  class space    used 9801K, capacity 10386K, committed 10496K, reserved 1048576K
Event: 506.739 GC heap after
Heap after GC invocations=42 (full 7):
 PSYoungGen      total 395776K, used 61915K [0x00000000e0000000, 0x0000000100000000, 0x0000000100000000)
  eden space 282112K, 0% used [0x00000000e0000000,0x00000000e0000000,0x00000000f1380000)
  from space 113664K, 54% used [0x00000000f1380000,0x00000000f4ff6c28,0x00000000f8280000)
  to   space 109568K, 0% used [0x00000000f9500000,0x00000000f9500000,0x0000000100000000)
 ParOldGen       total 640000K, used 381409K [0x00000000a0000000, 0x00000000c7100000, 0x00000000e0000000)
  object space 640000K, 59% used [0x00000000a0000000,0x00000000b7478488,0x00000000c7100000)
 Metaspace       used 78665K, capacity 81444K, committed 81880K, reserved 1120256K
  class space    used 9801K, capacity 10386K, committed 10496K, reserved 1048576K
}
Event: 507.189 GC heap before
{Heap before GC invocations=43 (full 7):
 PSYoungGen      total 395776K, used 344027K [0x00000000e0000000, 0x0000000100000000, 0x0000000100000000)
  eden space 282112K, 100% used [0x00000000e0000000,0x00000000f1380000,0x00000000f1380000)
  from space 113664K, 54% used [0x00000000f1380000,0x00000000f4ff6c28,0x00000000f8280000)
  to   space 109568K, 0% used [0x00000000f9500000,0x00000000f9500000,0x0000000100000000)
 ParOldGen       total 640000K, used 381409K [0x00000000a0000000, 0x00000000c7100000, 0x00000000e0000000)
  object space 640000K, 59% used [0x00000000a0000000,0x00000000b7478488,0x00000000c7100000)
 Metaspace       used 78672K, capacity 81444K, committed 81880K, reserved 1120256K
  class space    used 9802K, capacity 10386K, committed 10496K, reserved 1048576K
Event: 507.314 GC heap after
Heap after GC invocations=43 (full 7):
 PSYoungGen      total 371712K, used 109567K [0x00000000e0000000, 0x0000000100000000, 0x0000000100000000)
  eden space 262144K, 0% used [0x00000000e0000000,0x00000000e0000000,0x00000000f0000000)
  from space 109568K, 99% used [0x00000000f9500000,0x00000000ffffff00,0x0000000100000000)
  to   space 131072K, 0% used [0x00000000f0000000,0x00000000f0000000,0x00000000f8000000)
 ParOldGen       total 640000K, used 402916K [0x00000000a0000000, 0x00000000c7100000, 0x00000000e0000000)
  object space 640000K, 62% used [0x00000000a0000000,0x00000000b8979128,0x00000000c7100000)
 Metaspace       used 78672K, capacity 81444K, committed 81880K, reserved 1120256K
  class space    used 9802K, capacity 10386K, committed 10496K, reserved 1048576K
}

Deoptimization events (10 events):
Event: 506.893 Thread 0x0000000022880000 Uncommon trap: reason=unstable_if action=reinterpret pc=0x0000000005bc0c60 method=java.util.TimSort.countRunAndMakeAscending([Ljava/lang/Object;IILjava/util/Comparator;)I @ 27
Event: 507.044 Thread 0x0000000022880000 Uncommon trap: reason=unstable_if action=reinterpret pc=0x0000000005797268 method=com.android.dx.cf.code.LineNumberList.pcToLine(I)I @ 43
Event: 507.045 Thread 0x0000000022880000 Uncommon trap: reason=unstable_if action=reinterpret pc=0x0000000005a644a8 method=com.android.dx.cf.code.LineNumberList.pcToLine(I)I @ 43
Event: 507.045 Thread 0x0000000022880000 Uncommon trap: reason=unstable_if action=reinterpret pc=0x0000000002b235d0 method=com.android.dx.cf.code.LineNumberList.pcToLine(I)I @ 43
Event: 507.057 Thread 0x0000000022881800 Uncommon trap: reason=unstable_if action=reinterpret pc=0x0000000005cd35d4 method=java.util.concurrent.ConcurrentHashMap.sumCount()J @ 30
Event: 507.059 Thread 0x0000000022882800 Uncommon trap: reason=unstable_if action=reinterpret pc=0x00000000044c2d88 method=java.util.concurrent.ConcurrentHashMap.sumCount()J @ 30
Event: 507.125 Thread 0x000000002287f800 Uncommon trap: reason=unstable_if action=reinterpret pc=0x000000000593e51c method=com.android.dx.cf.code.Merger.mergeType(Lcom/android/dx/rop/type/TypeBearer;Lcom/android/dx/rop/type/TypeBearer;)Lcom/android/dx/rop/type/TypeBearer; @ 102
Event: 507.451 Thread 0x000000001a128800 Uncommon trap: reason=class_check action=maybe_recompile pc=0x000000000595053c method=com.android.dx.ssa.SCCP.replaceConstants()V @ 182
Event: 507.530 Thread 0x000000001a125800 Uncommon trap: reason=array_check action=maybe_recompile pc=0x00000000046109a4 method=java.util.TimSort.binarySort([Ljava/lang/Object;IIILjava/util/Comparator;)V @ 183
Event: 507.556 Thread 0x000000001a126800 Uncommon trap: reason=array_check action=maybe_recompile pc=0x00000000046108dc method=java.util.TimSort.binarySort([Ljava/lang/Object;IIILjava/util/Comparator;)V @ 193

Classes redefined (0 events):
No events

Internal exceptions (10 events):
Event: 504.438 Thread 0x000000001a124000 Exception <a 'sun/nio/fs/WindowsException'> (0x00000000ebaca608) thrown at [D:\src\AOSP-openjdk-cygwin\jdk8u\hotspot\src\share\vm\prims\jni.cpp, line 709]
Event: 506.177 Thread 0x000000001a122800 Exception <a 'sun/nio/fs/WindowsException'> (0x00000000e99957d8) thrown at [D:\src\AOSP-openjdk-cygwin\jdk8u\hotspot\src\share\vm\prims\jni.cpp, line 709]
Event: 506.427 Thread 0x000000001a11c000 Exception <a 'sun/nio/fs/WindowsException'> (0x00000000ed5f1990) thrown at [D:\src\AOSP-openjdk-cygwin\jdk8u\hotspot\src\share\vm\prims\jni.cpp, line 709]
Event: 506.475 Thread 0x000000001a125000 Exception <a 'sun/nio/fs/WindowsException'> (0x00000000ed801448) thrown at [D:\src\AOSP-openjdk-cygwin\jdk8u\hotspot\src\share\vm\prims\jni.cpp, line 709]
Event: 506.624 Thread 0x000000001a120800 Exception <a 'sun/nio/fs/WindowsException'> (0x00000000eeca2e38) thrown at [D:\src\AOSP-openjdk-cygwin\jdk8u\hotspot\src\share\vm\prims\jni.cpp, line 709]
Event: 506.775 Thread 0x000000001a122800 Exception <a 'sun/nio/fs/WindowsException'> (0x00000000e0ad13f8) thrown at [D:\src\AOSP-openjdk-cygwin\jdk8u\hotspot\src\share\vm\prims\jni.cpp, line 709]
Event: 506.995 Thread 0x000000001a124000 Exception <a 'sun/nio/fs/WindowsException'> (0x00000000e6e979f8) thrown at [D:\src\AOSP-openjdk-cygwin\jdk8u\hotspot\src\share\vm\prims\jni.cpp, line 709]
Event: 507.057 Thread 0x0000000022881800 Implicit null exception at 0x0000000005cd2a0a to 0x0000000005cd35b1
Event: 507.059 Thread 0x0000000022882800 Implicit null exception at 0x00000000044c2be5 to 0x00000000044c2d61
Event: 507.427 Thread 0x000000001a128000 Exception <a 'sun/nio/fs/WindowsException'> (0x00000000e57b5078) thrown at [D:\src\AOSP-openjdk-cygwin\jdk8u\hotspot\src\share\vm\prims\jni.cpp, line 709]

Events (10 events):
Event: 507.587 Thread 0x000000001e204000 DEOPT UNPACKING pc=0x00000000028275d0 sp=0x0000000026c6e3b8 mode 0
Event: 507.606 Thread 0x0000000022882800 DEOPT PACKING pc=0x0000000005e2e205 sp=0x0000000026f6e1b0
Event: 507.606 Thread 0x0000000022882800 DEOPT UNPACKING pc=0x00000000028275d0 sp=0x0000000026f6df18 mode 0
Event: 507.617 Thread 0x0000000022883000 Thread exited: 0x0000000022883000
Event: 507.617 Thread 0x0000000022880000 Thread exited: 0x0000000022880000
Event: 507.618 Thread 0x000000002287c800 Thread added: 0x000000002287c800
Event: 507.618 Thread 0x0000000022882800 Thread exited: 0x0000000022882800
Event: 507.651 Thread 0x000000002287d000 DEOPT PACKING pc=0x0000000005e2e205 sp=0x000000002646e730
Event: 507.651 Thread 0x000000002287d000 DEOPT UNPACKING pc=0x00000000028275d0 sp=0x000000002646e498 mode 0
Event: 507.661 Thread 0x0000000022885800 Thread exited: 0x0000000022885800


Dynamic libraries:
0x00007ff6a5950000 - 0x00007ff6a5981000 	D:\Programs\Android Studio 3\jre\bin\java.exe
0x00007fff8a6d0000 - 0x00007fff8a87c000 	C:\Windows\SYSTEM32\ntdll.dll
0x00007fff8a410000 - 0x00007fff8a54e000 	C:\Windows\system32\KERNEL32.DLL
0x00007fff87c40000 - 0x00007fff87d55000 	C:\Windows\system32\KERNELBASE.dll
0x00007fff89b80000 - 0x00007fff89c2a000 	C:\Windows\system32\ADVAPI32.dll
0x00007fff8a550000 - 0x00007fff8a6c7000 	C:\Windows\system32\USER32.dll
0x00007fff858b0000 - 0x00007fff85b2a000 	C:\Windows\WinSxS\amd64_microsoft.windows.common-controls_6595b64144ccf1df_6.0.9600.17810_none_6240b9c7ecbd0bda\COMCTL32.dll
0x00007fff8a280000 - 0x00007fff8a32a000 	C:\Windows\system32\msvcrt.dll
0x00007fff89730000 - 0x00007fff89789000 	C:\Windows\SYSTEM32\sechost.dll
0x00007fff8a130000 - 0x00007fff8a271000 	C:\Windows\system32\RPCRT4.dll
0x00007fff89c40000 - 0x00007fff89d90000 	C:\Windows\system32\GDI32.dll
0x00007fff89e60000 - 0x00007fff89e96000 	C:\Windows\system32\IMM32.DLL
0x00007fff893b0000 - 0x00007fff89502000 	C:\Windows\system32\MSCTF.dll
0x00007fff877e0000 - 0x00007fff87812000 	C:\Windows\system32\nvinitx.dll
0x00007fff877d0000 - 0x00007fff877da000 	C:\Windows\SYSTEM32\VERSION.dll
0x00007fff87d60000 - 0x00007fff89278000 	C:\Windows\system32\Shell32.dll
0x00007fff89510000 - 0x00007fff89721000 	C:\Windows\SYSTEM32\combase.dll
0x00007fff8a330000 - 0x00007fff8a384000 	C:\Windows\system32\SHLWAPI.dll
0x00007fff85d30000 - 0x00007fff85de2000 	C:\Windows\SYSTEM32\SHCORE.dll
0x00000000690e0000 - 0x00000000690e6000 	C:\Program Files\NVIDIA Corporation\CoProcManager\_etoured.dll
0x00007fff856b0000 - 0x00007fff856e8000 	C:\Program Files\NVIDIA Corporation\CoProcManager\nvd3d9wrapx.dll
0x00007fff897f0000 - 0x00007fff899ca000 	C:\Windows\system32\SETUPAPI.dll
0x00007fff87bf0000 - 0x00007fff87c3f000 	C:\Windows\system32\CFGMGR32.dll
0x00007fff85610000 - 0x00007fff85634000 	C:\Program Files\NVIDIA Corporation\CoProcManager\nvdxgiwrapx.dll
0x0000000063840000 - 0x0000000063912000 	D:\Programs\Android Studio 3\jre\jre\bin\msvcr100.dll
0x0000000065ae0000 - 0x000000006631f000 	D:\Programs\Android Studio 3\jre\jre\bin\server\jvm.dll
0x00007fff7fa00000 - 0x00007fff7fa09000 	C:\Windows\SYSTEM32\WSOCK32.dll
0x00007fff84750000 - 0x00007fff84772000 	C:\Windows\SYSTEM32\WINMM.dll
0x00007fff89c30000 - 0x00007fff89c37000 	C:\Windows\system32\PSAPI.DLL
0x00007fff8a3b0000 - 0x00007fff8a40a000 	C:\Windows\system32\WS2_32.dll
0x00007fff83170000 - 0x00007fff8319a000 	C:\Windows\SYSTEM32\WINMMBASE.dll
0x00007fff8a3a0000 - 0x00007fff8a3a9000 	C:\Windows\system32\NSI.dll
0x00007fff865d0000 - 0x00007fff865f8000 	C:\Windows\SYSTEM32\DEVOBJ.dll
0x00007fff854c0000 - 0x00007fff854cf000 	D:\Programs\Android Studio 3\jre\jre\bin\verify.dll
0x00007fff78e90000 - 0x00007fff78eb9000 	D:\Programs\Android Studio 3\jre\jre\bin\java.dll
0x00007fff78fb0000 - 0x00007fff78fc6000 	D:\Programs\Android Studio 3\jre\jre\bin\zip.dll
0x00007fff87830000 - 0x00007fff87845000 	C:\Windows\SYSTEM32\profapi.dll
0x00007fff78e40000 - 0x00007fff78e5a000 	D:\Programs\Android Studio 3\jre\jre\bin\net.dll
0x00007fff86ff0000 - 0x00007fff87049000 	C:\Windows\system32\mswsock.dll
0x00007fff78b50000 - 0x00007fff78b61000 	D:\Programs\Android Studio 3\jre\jre\bin\nio.dll
0x00007fff73f10000 - 0x00007fff73f2e000 	C:\Users\Lori\.gradle\native\23\windows-amd64\native-platform.dll
0x00007fff87050000 - 0x00007fff87070000 	C:\Windows\SYSTEM32\CRYPTSP.dll
0x00007fff86c70000 - 0x00007fff86ca6000 	C:\Windows\system32\rsaenh.dll
0x00007fff872a0000 - 0x00007fff872c6000 	C:\Windows\SYSTEM32\bcrypt.dll
0x00007fff86d80000 - 0x00007fff86da1000 	C:\Windows\SYSTEM32\USERENV.dll
0x00007fff87640000 - 0x00007fff876a3000 	C:\Windows\system32\bcryptprimitives.dll
0x00007fff876b0000 - 0x00007fff876bb000 	C:\Windows\SYSTEM32\CRYPTBASE.dll
0x00007fff81ea0000 - 0x00007fff81eca000 	C:\Windows\SYSTEM32\IPHLPAPI.DLL
0x00007fff81e80000 - 0x00007fff81e8a000 	C:\Windows\SYSTEM32\WINNSI.DLL
0x00007fff81980000 - 0x00007fff81996000 	C:\Windows\SYSTEM32\dhcpcsvc6.DLL
0x00007fff81b50000 - 0x00007fff81b6a000 	C:\Windows\SYSTEM32\dhcpcsvc.DLL
0x00007fff763e0000 - 0x00007fff763ed000 	D:\Programs\Android Studio 3\jre\jre\bin\management.dll
0x00007fff6d720000 - 0x00007fff6d744000 	D:\Programs\Android Studio 3\jre\jre\bin\sunec.dll
0x00007fff86df0000 - 0x00007fff86e94000 	C:\Windows\SYSTEM32\DNSAPI.dll
0x00000000667e0000 - 0x0000000066806000 	C:\Program Files\Bonjour\mdnsNSP.dll
0x00007fff79830000 - 0x00007fff7983a000 	C:\Windows\System32\rasadhlp.dll
0x00007fff81a20000 - 0x00007fff81a8b000 	C:\Windows\System32\fwpuclnt.dll
0x00007fff74e30000 - 0x00007fff74e3b000 	D:\Programs\Android Studio 3\jre\jre\bin\sunmscapi.dll
0x00007fff87900000 - 0x00007fff87adf000 	C:\Windows\system32\CRYPT32.dll
0x00007fff878e0000 - 0x00007fff878f1000 	C:\Windows\system32\MSASN1.dll
0x00007fff86380000 - 0x00007fff8640e000 	C:\Windows\system32\apphelp.dll
0x00007fff82d80000 - 0x00007fff82db2000 	C:\Windows\SYSTEM32\ntmarta.dll

VM Arguments:
jvm_args: -Xmx1536m -Dfile.encoding=windows-1252 -Duser.country=US -Duser.language=en -Duser.variant 
java_command: org.gradle.launcher.daemon.bootstrap.GradleDaemon 3.3
java_class_path (initial): C:\Users\Lori\.gradle\wrapper\dists\gradle-3.3-all\55gk2rcmfc6p2dg9u9ohc3hw9\gradle-3.3\lib\gradle-launcher-3.3.jar
Launcher Type: SUN_STANDARD

Environment Variables:
JAVA_HOME=C:\Program Files\Java\jdk1.7.0_79
PATH=c:\program files\graphicsmagick-1.3.26-q8;C:\Program Files\ImageMagick-7.0.7-Q16;C:\Program Files (x86)\Common Files\Intel\Shared Libraries\redist\intel64\compiler;C:\Program Files (x86)\Common Files\Intel\Shared Libraries\redist\ia32\compiler;C:\ProgramData\Oracle\Java\javapath;C:\Windows\system32;C:\Windows;C:\Windows\System32\Wbem;C:\Windows\System32\WindowsPowerShell\v1.0\;C:\Program Files\Microsoft SQL Server\110\Tools\Binn\;C:\Program Files (x86)\NVIDIA Corporation\PhysX\Common;C:\Program Files\Microsoft\Web Platform Installer\;D:\Programs\Git\cmd;C:\Program Files (x86)\GtkSharp\2.12\bin;C:\ProgramData\chocolatey\bin;C:\Program Files\nodejs\;C:\Users\Lori\.dnx\bin;D:\Programs\Microsoft VS Code\bin;C:\Users\Lori\AppData\Roaming\npm;C:\adb;D:\Programs\Android\SDK\platform-tools;C:\Users\Lori\.dnx\bin;C:\Users\Lori\AppData\Roaming\npm;D:\Flutter SDK\flutter\bin;D:\Programs\Android\SDK\platform-tools
USERNAME=Lori
OS=Windows_NT
PROCESSOR_IDENTIFIER=Intel64 Family 6 Model 42 Stepping 7, GenuineIntel



---------------  S Y S T E M  ---------------

OS: Windows 8.1 , 64 bit Build 9600 (6.3.9600.17415)

CPU:total 8 (initial active 8) (4 cores per cpu, 2 threads per core) family 6 model 42 stepping 7, cmov, cx8, fxsr, mmx, sse, sse2, sse3, ssse3, sse4.1, sse4.2, popcnt, avx, aes, clmul, ht, tsc, tscinvbit

Memory: 4k page, physical 8280232k(818680k free), swap 9328808k(8652k free)

vm_info: OpenJDK 64-Bit Server VM (25.152-b02) for windows-amd64 JRE (1.8.0_152-release-1024-b02), built by "builder" with MS VC++ 10.0 (VS2010)

time: Sun Jul 22 16:39:54 2018
elapsed time: 507 seconds (0d 0h 8m 27s)

